<?xml version="1.0" encoding="UTF-8"?>
<!-- Generated by org.testng.reporters.JUnitXMLReporter -->
<testsuite ignored="0" hostname="ADIKA" failures="0" tests="9" name="Command line test" time="2.315" errors="0" timestamp="2022-08-19T21:36:49 CDT">
  <testcase classname="org.apache.pulsar.io.elasticsearch.client.RestClientFactoryTest" name="testCompatibilityMode" time="0.834"/>
  <testcase classname="org.apache.pulsar.io.elasticsearch.IndexNameFormatterTest" name="testIndexFormats" time="1.39"/>
  <testcase classname="org.apache.pulsar.io.elasticsearch.IndexNameFormatterTest" name="testIndexFormats" time="0.002"/>
  <testcase classname="org.apache.pulsar.io.elasticsearch.IndexNameFormatterTest" name="testIndexFormats" time="0.015"/>
  <testcase classname="org.apache.pulsar.io.elasticsearch.IndexNameFormatterTest" name="testIndexFormats" time="0.001"/>
  <testcase classname="org.apache.pulsar.io.elasticsearch.IndexNameFormatterTest" name="testIndexFormats" time="0.002"/>
  <testcase classname="org.apache.pulsar.io.elasticsearch.IndexNameFormatterTest" name="testIndexFormats" time="0.002"/>
  <testcase classname="org.apache.pulsar.io.elasticsearch.IndexNameFormatterTest" name="testIndexFormats" time="0.001"/>
  <testcase classname="org.apache.pulsar.io.elasticsearch.IndexNameFormatterTest" name="testIndexFormats" time="0.009"/>
</testsuite> <!-- Command line test -->
