<?xml version="1.0" encoding="UTF-8" ?>
<testsuite tests="9" failures="0" name="TestSuite" time="2.257" errors="0" skipped="0">
  <properties>
[...]
</properties>
  <testcase classname="org.apache.pulsar.io.elasticsearch.client.RestClientFactoryTest" name="testCompatibilityMode" time="0.834"/>
  <testcase classname="org.apache.pulsar.io.elasticsearch.IndexNameFormatterTest" name="testIndexFormats" time="1.39"/>
  <testcase classname="org.apache.pulsar.io.elasticsearch.IndexNameFormatterTest" name="testIndexFormats" time="0"/>
  <testcase classname="org.apache.pulsar.io.elasticsearch.IndexNameFormatterTest" name="testIndexFormats" time="0.015"/>
  <testcase classname="org.apache.pulsar.io.elasticsearch.IndexNameFormatterTest" name="testIndexFormats" time="0.002"/>
  <testcase classname="org.apache.pulsar.io.elasticsearch.IndexNameFormatterTest" name="testIndexFormats" time="0.001"/>
  <testcase classname="org.apache.pulsar.io.elasticsearch.IndexNameFormatterTest" name="testIndexFormats" time="0.002"/>
  <testcase classname="org.apache.pulsar.io.elasticsearch.IndexNameFormatterTest" name="testIndexFormats" time="0.002"/>
  <testcase classname="org.apache.pulsar.io.elasticsearch.IndexNameFormatterTest" name="testIndexFormats" time="0.011"/>
</testsuite>