<?xml version="1.0" encoding="UTF-8"?>
<testng-results ignored="0" total="9" passed="9" failed="0" skipped="0">
  <reporter-output>
  </reporter-output>
  <suite started-at="2022-08-19T21:36:46 CDT" name="Command line suite" finished-at="2022-08-19T21:36:49 CDT" duration-ms="2315">
    <groups>
    </groups>
    <test started-at="2022-08-19T21:36:46 CDT" name="Command line test" finished-at="2022-08-19T21:36:49 CDT" duration-ms="2315">
      <class name="org.apache.pulsar.io.elasticsearch.client.RestClientFactoryTest">
        <test-method signature="testCompatibilityMode()[pri:0, instance:org.apache.pulsar.io.elasticsearch.client.RestClientFactoryTest@4f9a3314]" started-at="2022-08-19T21:36:47 CDT" name="testCompatibilityMode" finished-at="2022-08-19T21:36:47 CDT" duration-ms="834" status="PASS">
          <reporter-output>
          </reporter-output>
        </test-method> <!-- testCompatibilityMode -->
      </class> <!-- org.apache.pulsar.io.elasticsearch.client.RestClientFactoryTest -->
      <class name="org.apache.pulsar.io.elasticsearch.IndexNameFormatterTest">
        <test-method signature="testIndexFormats(java.lang.String, java.lang.String)[pri:0, instance:org.apache.pulsar.io.elasticsearch.IndexNameFormatterTest@3b2c72c2]" started-at="2022-08-19T21:36:47 CDT" name="testIndexFormats" data-provider="indexFormats" finished-at="2022-08-19T21:36:49 CDT" duration-ms="1390" status="PASS">
          <params>
            <param index="0">
              <value>
                <![CDATA[test]]>
              </value>
            </param>
            <param index="1">
              <value>
                <![CDATA[test]]>
              </value>
            </param>
          </params>
          <reporter-output>
          </reporter-output>
        </test-method> <!-- testIndexFormats -->
        <test-method signature="testIndexFormats(java.lang.String, java.lang.String)[pri:0, instance:org.apache.pulsar.io.elasticsearch.IndexNameFormatterTest@3b2c72c2]" started-at="2022-08-19T21:36:49 CDT" name="testIndexFormats" data-provider="indexFormats" finished-at="2022-08-19T21:36:49 CDT" duration-ms="2" status="PASS">
          <params>
            <param index="0">
              <value>
                <![CDATA[test-%{yyyy}]]>
              </value>
            </param>
            <param index="1">
              <value>
                <![CDATA[test-%{yyyy}]]>
              </value>
            </param>
          </params>
          <reporter-output>
          </reporter-output>
        </test-method> <!-- testIndexFormats -->
        <test-method signature="testIndexFormats(java.lang.String, java.lang.String)[pri:0, instance:org.apache.pulsar.io.elasticsearch.IndexNameFormatterTest@3b2c72c2]" started-at="2022-08-19T21:36:49 CDT" name="testIndexFormats" data-provider="indexFormats" finished-at="2022-08-19T21:36:49 CDT" duration-ms="15" status="PASS">
          <params>
            <param index="0">
              <value>
                <![CDATA[test-%{+yyyy}]]>
              </value>
            </param>
            <param index="1">
              <value>
                <![CDATA[test-2022]]>
              </value>
            </param>
          </params>
          <reporter-output>
          </reporter-output>
        </test-method> <!-- testIndexFormats -->
        <test-method signature="testIndexFormats(java.lang.String, java.lang.String)[pri:0, instance:org.apache.pulsar.io.elasticsearch.IndexNameFormatterTest@3b2c72c2]" started-at="2022-08-19T21:36:49 CDT" name="testIndexFormats" data-provider="indexFormats" finished-at="2022-08-19T21:36:49 CDT" duration-ms="1" status="PASS">
          <params>
            <param index="0">
              <value>
                <![CDATA[test-%{+yyyy-MM}]]>
              </value>
            </param>
            <param index="1">
              <value>
                <![CDATA[test-2022-02]]>
              </value>
            </param>
          </params>
          <reporter-output>
          </reporter-output>
        </test-method> <!-- testIndexFormats -->
        <test-method signature="testIndexFormats(java.lang.String, java.lang.String)[pri:0, instance:org.apache.pulsar.io.elasticsearch.IndexNameFormatterTest@3b2c72c2]" started-at="2022-08-19T21:36:49 CDT" name="testIndexFormats" data-provider="indexFormats" finished-at="2022-08-19T21:36:49 CDT" duration-ms="2" status="PASS">
          <params>
            <param index="0">
              <value>
                <![CDATA[test-%{+yyyy-MM-dd}]]>
              </value>
            </param>
            <param index="1">
              <value>
                <![CDATA[test-2022-02-18]]>
              </value>
            </param>
          </params>
          <reporter-output>
          </reporter-output>
        </test-method> <!-- testIndexFormats -->
        <test-method signature="testIndexFormats(java.lang.String, java.lang.String)[pri:0, instance:org.apache.pulsar.io.elasticsearch.IndexNameFormatterTest@3b2c72c2]" started-at="2022-08-19T21:36:49 CDT" name="testIndexFormats" data-provider="indexFormats" finished-at="2022-08-19T21:36:49 CDT" duration-ms="2" status="PASS">
          <params>
            <param index="0">
              <value>
                <![CDATA[test-%{+yyyy-MM-dd}-abc]]>
              </value>
            </param>
            <param index="1">
              <value>
                <![CDATA[test-2022-02-18-abc]]>
              </value>
            </param>
          </params>
          <reporter-output>
          </reporter-output>
        </test-method> <!-- testIndexFormats -->
        <test-method signature="testIndexFormats(java.lang.String, java.lang.String)[pri:0, instance:org.apache.pulsar.io.elasticsearch.IndexNameFormatterTest@3b2c72c2]" started-at="2022-08-19T21:36:49 CDT" name="testIndexFormats" data-provider="indexFormats" finished-at="2022-08-19T21:36:49 CDT" duration-ms="1" status="PASS">
          <params>
            <param index="0">
              <value>
                <![CDATA[%{+yyyy-MM-dd}-abc]]>
              </value>
            </param>
            <param index="1">
              <value>
                <![CDATA[2022-02-18-abc]]>
              </value>
            </param>
          </params>
          <reporter-output>
          </reporter-output>
        </test-method> <!-- testIndexFormats -->
        <test-method signature="testIndexFormats(java.lang.String, java.lang.String)[pri:0, instance:org.apache.pulsar.io.elasticsearch.IndexNameFormatterTest@3b2c72c2]" started-at="2022-08-19T21:36:49 CDT" name="testIndexFormats" data-provider="indexFormats" finished-at="2022-08-19T21:36:49 CDT" duration-ms="9" status="PASS">
          <params>
            <param index="0">
              <value>
                <![CDATA[%{+yyyy}/%{+MM-dd}]]>
              </value>
            </param>
            <param index="1">
              <value>
                <![CDATA[2022/02-18]]>
              </value>
            </param>
          </params>
          <reporter-output>
          </reporter-output>
        </test-method> <!-- testIndexFormats -->
      </class> <!-- org.apache.pulsar.io.elasticsearch.IndexNameFormatterTest -->
    </test> <!-- Command line test -->
  </suite> <!-- Command line suite -->
</testng-results>
